<?xml version="1.0" encoding="UTF-8"?>
<!-- Generated by org.testng.reporters.JUnitReportReporter -->
<testsuite hostname="LAPTOP-J64AJOMF" failures="0" tests="1" name="com.myweb.mywebTest" time="15.946" errors="0" timestamp="2022-08-06T21:47:32 EDT" skipped="0">
  <testcase classname="com.myweb.mywebTest" name="Test1" time="15.946"/>
  <system-out/>
</testsuite> <!-- com.myweb.mywebTest -->
